生成启动时间为 2018/2/10 22:15:19。
项目“C:\Users\liujinguang\Desktop\vsproject\DecryptFromBmp\EncryptAsBmp\EncryptAsBmp.vcxproj”在节点 2 上(rebuild 个目标)。
InitializeBuildStatus:
  正在创建“Debug\EncryptAsBmp.unsuccessfulbuild”，因为已指定“AlwaysCreate”。
ClCompile:
  c:\Program Files\Microsoft Visual Studio 10.0\VC\bin\CL.exe /c /ZI /nologo /W3 /WX- /Od /Oy- /D WIN32 /D _DEBUG /D _WINDOWS /D _UNICODE /D UNICODE /Gm /EHsc /RTC1 /MDd /GS /fp:precise /Zc:wchar_t /Zc:forScope /Fo"Debug\\" /Fd"Debug\vc100.pdb" /Gd /TP /analyze- /errorReport:prompt EncryptAsBmp.cpp
  EncryptAsBmp.cpp
ManifestResourceCompile:
  c:\Program Files\Microsoft SDKs\Windows\v7.0A\bin\rc.exe /nologo /fo"Debug\EncryptAsBmp.exe.embed.manifest.res" Debug\EncryptAsBmp_manifest.rc 
Link:
  c:\Program Files\Microsoft Visual Studio 10.0\VC\bin\link.exe /ERRORREPORT:PROMPT /OUT:"C:\Users\liujinguang\Desktop\vsproject\DecryptFromBmp\Debug\EncryptAsBmp.exe" /INCREMENTAL /NOLOGO kernel32.lib user32.lib gdi32.lib winspool.lib comdlg32.lib advapi32.lib shell32.lib ole32.lib oleaut32.lib uuid.lib odbc32.lib odbccp32.lib /MANIFEST /ManifestFile:"Debug\EncryptAsBmp.exe.intermediate.manifest" /MANIFESTUAC:"level='asInvoker' uiAccess='false'" /DEBUG /PDB:"C:\Users\liujinguang\Desktop\vsproject\DecryptFromBmp\Debug\EncryptAsBmp.pdb" /SUBSYSTEM:WINDOWS /TLBID:1 /DYNAMICBASE /NXCOMPAT /IMPLIB:"C:\Users\liujinguang\Desktop\vsproject\DecryptFromBmp\Debug\EncryptAsBmp.lib" /MACHINE:X86 Debug\EncryptAsBmp.exe.embed.manifest.res
  Debug\EncryptAsBmp.obj
Manifest:
  正在删除文件“Debug\EncryptAsBmp.exe.embed.manifest”。
  c:\Program Files\Microsoft SDKs\Windows\v7.0A\bin\mt.exe /nologo /verbose /out:"Debug\EncryptAsBmp.exe.embed.manifest" /manifest Debug\EncryptAsBmp.exe.intermediate.manifest
  c:\Program Files\Microsoft SDKs\Windows\v7.0A\bin\rc.exe /nologo /fo"Debug\EncryptAsBmp.exe.embed.manifest.res" Debug\EncryptAsBmp_manifest.rc 
LinkEmbedManifest:
  c:\Program Files\Microsoft Visual Studio 10.0\VC\bin\link.exe /ERRORREPORT:PROMPT /OUT:"C:\Users\liujinguang\Desktop\vsproject\DecryptFromBmp\Debug\EncryptAsBmp.exe" /INCREMENTAL /NOLOGO kernel32.lib user32.lib gdi32.lib winspool.lib comdlg32.lib advapi32.lib shell32.lib ole32.lib oleaut32.lib uuid.lib odbc32.lib odbccp32.lib /MANIFEST /ManifestFile:"Debug\EncryptAsBmp.exe.intermediate.manifest" /MANIFESTUAC:"level='asInvoker' uiAccess='false'" /DEBUG /PDB:"C:\Users\liujinguang\Desktop\vsproject\DecryptFromBmp\Debug\EncryptAsBmp.pdb" /SUBSYSTEM:WINDOWS /TLBID:1 /DYNAMICBASE /NXCOMPAT /IMPLIB:"C:\Users\liujinguang\Desktop\vsproject\DecryptFromBmp\Debug\EncryptAsBmp.lib" /MACHINE:X86 Debug\EncryptAsBmp.exe.embed.manifest.res
  Debug\EncryptAsBmp.obj
  EncryptAsBmp.vcxproj -> C:\Users\liujinguang\Desktop\vsproject\DecryptFromBmp\Debug\EncryptAsBmp.exe
FinalizeBuildStatus:
  正在删除文件“Debug\EncryptAsBmp.unsuccessfulbuild”。
  正在对“Debug\EncryptAsBmp.lastbuildstate”执行 Touch 任务。
已完成生成项目“C:\Users\liujinguang\Desktop\vsproject\DecryptFromBmp\EncryptAsBmp\EncryptAsBmp.vcxproj”(rebuild 个目标)的操作。

生成成功。

已用时间 00:00:01.36
