c:\users\liujinguang\desktop\vsproject\decryptfrombmp\encryptasbmp\release\encryptasbmp.obj
c:\users\liujinguang\desktop\vsproject\decryptfrombmp\encryptasbmp\release\vc100.pdb
c:\users\liujinguang\desktop\vsproject\decryptfrombmp\release\encryptasbmp.exe
c:\users\liujinguang\desktop\vsproject\decryptfrombmp\encryptasbmp\release\encryptasbmp.exe.intermediate.manifest
c:\users\liujinguang\desktop\vsproject\decryptfrombmp\release\encryptasbmp.pdb
d:\vsproject\decryptfrombmp\encryptasbmp\release\vc140.pdb
d:\vsproject\decryptfrombmp\encryptasbmp\release\encryptasbmp.obj
e:\baidunetdiskdownload\decryptfrombmp\encryptasbmp\release\vc142.pdb
e:\baidunetdiskdownload\decryptfrombmp\encryptasbmp\release\encryptasbmp.obj
d:\vsproject\decryptfrombmp\release\encryptasbmp.exe
d:\vsproject\decryptfrombmp\release\encryptasbmp.pdb
e:\baidunetdiskdownload\decryptfrombmp\encryptasbmp\release\encryptasbmp.ipdb
e:\baidunetdiskdownload\decryptfrombmp\encryptasbmp\release\encryptasbmp.iobj
e:\baidunetdiskdownload\decryptfrombmp\encryptasbmp\release\cl.command.1.tlog
e:\baidunetdiskdownload\decryptfrombmp\encryptasbmp\release\cl.read.1.tlog
e:\baidunetdiskdownload\decryptfrombmp\encryptasbmp\release\cl.write.1.tlog
e:\baidunetdiskdownload\decryptfrombmp\encryptasbmp\release\encryptasbmp.write.1.tlog
e:\baidunetdiskdownload\decryptfrombmp\encryptasbmp\release\link.command.1.tlog
e:\baidunetdiskdownload\decryptfrombmp\encryptasbmp\release\link.read.1.tlog
e:\baidunetdiskdownload\decryptfrombmp\encryptasbmp\release\link.write.1.tlog
e:\baidunetdiskdownload\decryptfrombmp\encryptasbmp\release\mt.command.1.tlog
e:\baidunetdiskdownload\decryptfrombmp\encryptasbmp\release\mt.read.1.tlog
e:\baidunetdiskdownload\decryptfrombmp\encryptasbmp\release\mt.write.1.tlog
e:\baidunetdiskdownload\decryptfrombmp\encryptasbmp\release\encryptasbmp.exe.intermediate.manifest
e:\baidunetdiskdownload\decryptfrombmp\encryptasbmp\release\vc100.pdb
e:\baidunetdiskdownload\decryptfrombmp\release\encryptasbmp.pdb
e:\baidunetdiskdownload\decryptfrombmp\encryptasbmp\release\encryptasbmp.tlog\cl.command.1.tlog
e:\baidunetdiskdownload\decryptfrombmp\encryptasbmp\release\encryptasbmp.tlog\cl.read.1.tlog
e:\baidunetdiskdownload\decryptfrombmp\encryptasbmp\release\encryptasbmp.tlog\cl.write.1.tlog
e:\baidunetdiskdownload\decryptfrombmp\encryptasbmp\release\encryptasbmp.tlog\link-cvtres.read.1.tlog
e:\baidunetdiskdownload\decryptfrombmp\encryptasbmp\release\encryptasbmp.tlog\link-cvtres.write.1.tlog
e:\baidunetdiskdownload\decryptfrombmp\encryptasbmp\release\encryptasbmp.tlog\link-rc.read.1.tlog
e:\baidunetdiskdownload\decryptfrombmp\encryptasbmp\release\encryptasbmp.tlog\link-rc.write.1.tlog
e:\baidunetdiskdownload\decryptfrombmp\encryptasbmp\release\encryptasbmp.tlog\link.command.1.tlog
e:\baidunetdiskdownload\decryptfrombmp\encryptasbmp\release\encryptasbmp.tlog\link.read.1.tlog
e:\baidunetdiskdownload\decryptfrombmp\encryptasbmp\release\encryptasbmp.tlog\link.write.1.tlog
