c:\users\liujinguang\desktop\vsproject\decryptfrombmp\decryptfrombmp\debug\decryptfrombmp.obj
c:\users\liujinguang\desktop\vsproject\decryptfrombmp\decryptfrombmp\debug\vc100.pdb
c:\users\liujinguang\desktop\vsproject\decryptfrombmp\debug\decryptfrombmp.ilk
c:\users\liujinguang\desktop\vsproject\decryptfrombmp\debug\decryptfrombmp.exe
c:\users\liujinguang\desktop\vsproject\decryptfrombmp\decryptfrombmp\debug\decryptfrombmp.exe.intermediate.manifest
c:\users\liujinguang\desktop\vsproject\decryptfrombmp\debug\decryptfrombmp.pdb
c:\users\liujinguang\desktop\vsproject\decryptfrombmp\decryptfrombmp\debug\decryptfrombmp.exe.embed.manifest
c:\users\liujinguang\desktop\vsproject\decryptfrombmp\decryptfrombmp\debug\decryptfrombmp.res
c:\users\liujinguang\desktop\vsproject\decryptfrombmp\decryptfrombmp\debug\decryptfrombmp.exe.embed.manifest.res
d:\project\decryptfrombmp\decryptfrombmp\debug\vc142.pdb
d:\project\decryptfrombmp\decryptfrombmp\debug\vc142.idb
d:\project\decryptfrombmp\decryptfrombmp\debug\decryptfrombmp.obj
d:\project\decryptfrombmp\decryptfrombmp\debug\decryptfrombmp.res
d:\project\decryptfrombmp\decryptfrombmp\debug\cl.command.1.tlog
d:\project\decryptfrombmp\decryptfrombmp\debug\cl.read.1.tlog
d:\project\decryptfrombmp\decryptfrombmp\debug\cl.write.1.tlog
d:\project\decryptfrombmp\decryptfrombmp\debug\decryptfrombmp.write.1.tlog
d:\project\decryptfrombmp\decryptfrombmp\debug\link-cvtres.read.1.tlog
d:\project\decryptfrombmp\decryptfrombmp\debug\link-cvtres.write.1.tlog
d:\project\decryptfrombmp\decryptfrombmp\debug\link.command.1.tlog
d:\project\decryptfrombmp\decryptfrombmp\debug\link.read.1.tlog
d:\project\decryptfrombmp\decryptfrombmp\debug\link.write.1.tlog
d:\project\decryptfrombmp\decryptfrombmp\debug\mt.command.1.tlog
d:\project\decryptfrombmp\decryptfrombmp\debug\mt.read.1.tlog
d:\project\decryptfrombmp\decryptfrombmp\debug\mt.write.1.tlog
d:\project\decryptfrombmp\decryptfrombmp\debug\rc.command.1.tlog
d:\project\decryptfrombmp\decryptfrombmp\debug\rc.read.1.tlog
d:\project\decryptfrombmp\decryptfrombmp\debug\rc.write.1.tlog
d:\project\decryptfrombmp\decryptfrombmp\debug\decryptfrombmp.exe.embed.manifest
d:\project\decryptfrombmp\decryptfrombmp\debug\decryptfrombmp.exe.intermediate.manifest
d:\project\decryptfrombmp\decryptfrombmp\debug\decryptfrombmp.exe.embed.manifest.res
d:\project\decryptfrombmp\decryptfrombmp\debug\vc100.idb
d:\project\decryptfrombmp\decryptfrombmp\debug\vc100.pdb
d:\project\decryptfrombmp\decryptfrombmp\debug\decryptfrombmp_manifest.rc
d:\project\decryptfrombmp\debug\decryptfrombmp.pdb
d:\project\decryptfrombmp\debug\decryptfrombmp.ilk
d:\project\decryptfrombmp\decryptfrombmp\debug\decryptfrombmp.tlog\cl.command.1.tlog
d:\project\decryptfrombmp\decryptfrombmp\debug\decryptfrombmp.tlog\cl.read.1.tlog
d:\project\decryptfrombmp\decryptfrombmp\debug\decryptfrombmp.tlog\cl.write.1.tlog
d:\project\decryptfrombmp\decryptfrombmp\debug\decryptfrombmp.tlog\link-cvtres.read.1.tlog
d:\project\decryptfrombmp\decryptfrombmp\debug\decryptfrombmp.tlog\link-cvtres.write.1.tlog
d:\project\decryptfrombmp\decryptfrombmp\debug\decryptfrombmp.tlog\link-rc.read.1.tlog
d:\project\decryptfrombmp\decryptfrombmp\debug\decryptfrombmp.tlog\link-rc.write.1.tlog
d:\project\decryptfrombmp\decryptfrombmp\debug\decryptfrombmp.tlog\link.command.1.tlog
d:\project\decryptfrombmp\decryptfrombmp\debug\decryptfrombmp.tlog\link.read.1.tlog
d:\project\decryptfrombmp\decryptfrombmp\debug\decryptfrombmp.tlog\link.write.1.tlog
d:\project\decryptfrombmp\decryptfrombmp\debug\decryptfrombmp.tlog\rc.command.1.tlog
d:\project\decryptfrombmp\decryptfrombmp\debug\decryptfrombmp.tlog\rc.read.1.tlog
d:\project\decryptfrombmp\decryptfrombmp\debug\decryptfrombmp.tlog\rc.write.1.tlog
